{"contracts/DocStamp.sol":{"l":{"13":3,"14":3,"15":1,"16":1,"20":3,"21":3,"22":1,"24":2},"path":"/Users/dhruvin/gbc/bcdv-1010/truffle-ethereum-certificate/contracts/DocStamp.sol","s":{"1":3,"2":3,"3":1,"4":1,"5":3,"6":3,"7":1,"8":2},"b":{"1":[1,2],"2":[1,2]},"f":{"1":3,"2":3},"fnMap":{"1":{"name":"issueCertificate","line":12,"loc":{"start":{"line":12,"column":4},"end":{"line":17,"column":4}}},"2":{"name":"verifyCertificate","line":19,"loc":{"start":{"line":19,"column":4},"end":{"line":25,"column":4}}}},"statementMap":{"1":{"start":{"line":13,"column":8},"end":{"line":13,"column":71}},"2":{"start":{"line":14,"column":8},"end":{"line":14,"column":77}},"3":{"start":{"line":15,"column":8},"end":{"line":15,"column":40}},"4":{"start":{"line":16,"column":8},"end":{"line":16,"column":66}},"5":{"start":{"line":20,"column":8},"end":{"line":20,"column":75}},"6":{"start":{"line":21,"column":8},"end":{"line":21,"column":883}},"7":{"start":{"line":22,"column":12},"end":{"line":22,"column":23}},"8":{"start":{"line":24,"column":8},"end":{"line":24,"column":20}}},"branchMap":{"1":{"line":14,"type":"if","locations":[{"start":{"line":14,"column":8},"end":{"line":14,"column":8}},{"start":{"line":14,"column":8},"end":{"line":14,"column":8}}]},"2":{"line":21,"type":"if","locations":[{"start":{"line":21,"column":8},"end":{"line":21,"column":8}},{"start":{"line":21,"column":8},"end":{"line":21,"column":8}}]}}}}