{"contracts/Token.sol":{"l":{"20":3,"21":3,"25":5,"26":4,"27":4,"31":11},"path":"/Users/dhruvin/gbc/bcdv-1010/hardhat-token/contracts/Token.sol","s":{"1":3,"2":3,"3":5,"4":4,"5":4,"6":11},"b":{},"f":{"1":3,"2":5,"3":11},"fnMap":{"1":{"name":"constructor","line":19,"loc":{"start":{"line":19,"column":4},"end":{"line":22,"column":4}}},"2":{"name":"transfer","line":24,"loc":{"start":{"line":24,"column":4},"end":{"line":28,"column":4}}},"3":{"name":"balanceOf","line":30,"loc":{"start":{"line":30,"column":4},"end":{"line":32,"column":4}}}},"statementMap":{"1":{"start":{"line":20,"column":8},"end":{"line":20,"column":37}},"2":{"start":{"line":21,"column":8},"end":{"line":21,"column":21}},"3":{"start":{"line":25,"column":8},"end":{"line":25,"column":60}},"4":{"start":{"line":26,"column":8},"end":{"line":26,"column":58}},"5":{"start":{"line":27,"column":8},"end":{"line":27,"column":53}},"6":{"start":{"line":31,"column":8},"end":{"line":31,"column":36}}},"branchMap":{}}}